Arguments: 
  C:\Program Files\nodejs\node.exe C:\Users\dcarrassi\AppData\Roaming\npm\node_modules\yarn\bin\yarn.js install

PATH: 
  C:\Python310\Scripts\;C:\Python310\;C:\windows\system32;C:\windows;C:\windows\System32\Wbem;C:\windows\System32\WindowsPowerShell\v1.0\;C:\windows\System32\OpenSSH\;C:\Program Files (x86)\Webex\Plugins;C:\Program Files\PuTTY\;C:\Program Files\Git\cmd;C:\Program Files\nodejs\;C:\ProgramData\chocolatey\bin;C:\Users\dcarrassi\AppData\Local\Microsoft\WindowsApps;;C:\Users\dcarrassi\AppData\Local\Programs\Microsoft VS Code\bin;C:\Users\dcarrassi\AppData\Roaming\npm

Yarn version: 
  1.22.17

Node version: 
  16.13.0

Platform: 
  win32 x64

Trace: 
  SyntaxError: C:\Users\dcarrassi\Desktop\js\reclique\package.json: Unexpected string in JSON at position 1182
      at JSON.parse (<anonymous>)
      at C:\Users\dcarrassi\AppData\Roaming\npm\node_modules\yarn\lib\cli.js:1625:59
      at Generator.next (<anonymous>)
      at step (C:\Users\dcarrassi\AppData\Roaming\npm\node_modules\yarn\lib\cli.js:310:30)
      at C:\Users\dcarrassi\AppData\Roaming\npm\node_modules\yarn\lib\cli.js:321:13

npm manifest: 
  {
    "name": "my-app-reclique",
    "version": "1.0.0",
    "private": true,
    "dependencies": {
      "@testing-library/jest-dom": "^5.11.4",
      "@testing-library/react": "^11.1.0",
      "@testing-library/user-event": "^12.1.10",
      "axios": "^0.24.0",
      "babel-loader": "^8.2.3",
      "bootstrap": "^5.1.3",
      "jquery": "^3.6.0",
      "json-loader": "^0.5.7",
      "netlify-cli": "^8.0.6",
      "prop-types": "^15.7.2",
      "react": "^17.0.2",
      "react-bootstrap": "^2.0.3",
      "react-dom": "^18.0.0-rc.0-next-3b3daf557-20211210",
      "react-router-dom": "^6.0.0-beta.8",
      "webpack": "^5.65.0",
      "babel-cli": "6.24.1",
      "path": "^0.12.7",
      "babel-plugin-transform-class-properties": "6.24.1",
      "babel-preset-env": "1.5.2",
      "babel-preset-react": "6.24.1",
      "webpack-dev-server": "^4.6.0"
    },
    
    "homepage": "./src/",
    "devDependencies": {
      "react-scripts": "^5.0.0-next.58",
      "babel-core": "6.25.0",
      "babel-loader": "^6.0.1",
      "babel-preset-es2015": "^6.0.15",
      "babel-preset-react": "^6.0.15",
      "babel-preset-stage-0": "^6.0.15",
      "webpack": "^1.9.6",
      "webpack-dev-middleware": "^1.2.0",
      "webpack-hot-middleware": "^2.0.0"
      "webpack-cli": "^4.9.1"
    },
    "scripts": {
      "start": "webpack-dev-server",
      "build": "react-scripts build",
      "test": "react-scripts test",
      "eject": "react-scripts eject"
    },
    "eslintConfig": {
      "extends": [
        "react-app",
        "react-app/jest"
      ],
      "rules": {
        "no-unused-vars": "off"
      }
    },
    "browserslist": {
      "production": [
        ">0.2%",
        "not dead",
        "not op_mini all"
      ],
      "development": [
        "last 1 chrome version",
        "last 1 firefox version",
        "last 1 safari version"
      ]
    }
  }

yarn manifest: 
  No manifest

Lockfile: 
  No lockfile
